number,value,datetime_start,datetime_complete,duration,params_alpha1,params_alpha2,params_alpha3,params_alpha4,params_alpha5,state
0,1.03,2021-09-02 00:51:45.254804,2021-09-02 00:56:23.918647,0 days 00:04:38.663843,0.06107686573608482,0.0013949458198611203,0.0008079896808319476,0.01604202084518248,0.07548764540205032,COMPLETE
1,-0.282,2021-09-02 00:56:23.919519,2021-09-02 01:00:59.639727,0 days 00:04:35.720208,0.00492522233779106,0.8376388146302433,0.05486797781181634,0.00838933633479257,0.00370228692069884,COMPLETE
2,0.546,2021-09-02 01:00:59.640587,2021-09-02 01:05:33.569610,0 days 00:04:33.929023,0.0023589137648150622,0.08245155098953617,0.005679223741740077,0.00017326529663635638,0.003910002376153658,COMPLETE
3,1.0,2021-09-02 01:05:33.570480,2021-09-02 01:10:07.658590,0 days 00:04:34.088110,0.08953268791955236,0.0005369908947196364,0.0005032769318663512,0.013372281038573085,0.013406343673102117,COMPLETE
4,0.462,2021-09-02 01:10:07.659433,2021-09-02 01:14:42.292715,0 days 00:04:34.633282,0.03448290408913142,0.24987751386014637,0.07903533518289983,0.02780315255778501,0.07758424358283758,COMPLETE
5,0.084,2021-09-02 01:14:42.293557,2021-09-02 01:19:16.329794,0 days 00:04:34.036237,0.001958103552839226,0.0027999780223990104,0.000818564533066726,0.0014957402671706668,0.03341215561348894,COMPLETE
6,0.26,2021-09-02 01:19:16.330674,2021-09-02 01:23:50.760719,0 days 00:04:34.430045,0.0002335714515891046,0.005430060779219497,0.005289943741212552,0.009434967110751792,0.005050346330980689,COMPLETE
7,-0.466,2021-09-02 01:23:50.761578,2021-09-02 01:28:25.167209,0 days 00:04:34.405631,0.001774372883716282,0.005074639876783337,0.3745904080926284,0.5979158591419443,0.010170603027497472,COMPLETE
8,0.308,2021-09-02 01:28:25.168048,2021-09-02 01:32:59.241293,0 days 00:04:34.073245,0.03131928271719602,0.0002900504745273943,0.0018584116841385628,0.004563571379820828,0.2919017048795455,COMPLETE
9,-0.462,2021-09-02 01:32:59.242148,2021-09-02 01:37:33.186251,0 days 00:04:33.944103,0.0010042028777169465,0.008553366021440328,0.8754657140659065,0.011965765212602297,0.028286427653765295,COMPLETE
10,1.0,2021-09-02 01:37:33.187105,2021-09-02 01:42:07.291977,0 days 00:04:34.104872,0.8658029726346377,0.00011488967514486015,0.00017167318013103117,0.15851149257007724,0.00025460276643872237,COMPLETE
11,0.804,2021-09-02 01:42:07.292826,2021-09-02 01:46:41.598370,0 days 00:04:34.305544,0.34535538275958344,0.0008553679550380674,0.000360916663647474,0.1311898417037666,0.9899170126950568,COMPLETE
12,1.0,2021-09-02 01:46:41.599239,2021-09-02 01:51:15.905345,0 days 00:04:34.306106,0.05763927616575758,0.0008132243721718521,0.00011886319681797728,0.0009799782940102123,0.0007398274237885173,COMPLETE
13,1.344,2021-09-02 01:51:15.906220,2021-09-02 01:55:50.395008,0 days 00:04:34.488788,0.20453997229432996,0.04681725986509287,0.001340470607009069,0.05356375852834804,0.17885393519649387,COMPLETE
14,1.304,2021-09-02 01:55:50.395856,2021-09-02 02:00:24.815429,0 days 00:04:34.419573,0.18085486887053404,0.04265251947978204,0.00196758546288028,0.0651644550254065,0.1659706596882414,COMPLETE
15,1.01,2021-09-02 02:00:24.816301,2021-09-02 02:04:58.848312,0 days 00:04:34.032011,0.25156167820681297,0.04240287022722171,0.0209253730884824,0.06542992962597492,0.337767963375013,COMPLETE
16,0.052,2021-09-02 02:04:58.849188,2021-09-02 02:09:33.479939,0 days 00:04:34.630751,0.012071820689144218,0.04181517593644733,0.002704099939783978,0.4764934176512283,0.27151529890823006,COMPLETE
17,0.272,2021-09-02 02:09:33.480798,2021-09-02 02:14:07.731200,0 days 00:04:34.250402,0.19705115630284145,0.020331671866525902,0.010602310501938985,0.05316559721232218,0.869983194807724,COMPLETE
18,0.164,2021-09-02 02:14:07.732064,2021-09-02 02:18:42.037430,0 days 00:04:34.305366,0.01676533841155965,0.18790185785121308,0.0019137975466430796,0.20388987113705523,0.09054981100812304,COMPLETE
19,1.018,2021-09-02 02:18:42.038306,2021-09-02 02:23:15.898006,0 days 00:04:33.859700,0.777567801371143,0.01596710662541259,0.02504840064963163,0.0025501477107715675,0.15997451586491102,COMPLETE
20,1.436,2021-09-02 02:23:15.898874,2021-09-02 02:27:49.890846,0 days 00:04:33.991972,0.1188436911273477,0.8977406644138289,0.0013218778294263385,0.05145351215946557,0.030221467186900896,COMPLETE
21,1.224,2021-09-02 02:27:49.891708,2021-09-02 02:32:24.071494,0 days 00:04:34.179786,0.14850716693868074,0.8997191731546964,0.0016498019248858298,0.048810595806717295,0.023228636703645947,COMPLETE
22,1.292,2021-09-02 02:32:24.072382,2021-09-02 02:36:58.366590,0 days 00:04:34.294208,0.41333762789905365,0.29501264786425213,0.00029189205904549975,0.27013269468874224,0.05166587402921666,COMPLETE
23,0.922,2021-09-02 02:36:58.367466,2021-09-02 02:41:32.571662,0 days 00:04:34.204196,0.11502136879052531,0.09024738361741975,0.005152656260707369,0.08179958764662837,0.15912469675938026,COMPLETE
24,1.188,2021-09-02 02:41:32.572538,2021-09-02 02:46:06.606021,0 days 00:04:34.033483,0.42480177667508634,0.46453274679616147,0.001018137339680858,0.027619503002999295,0.39531826033188533,COMPLETE
25,0.14,2021-09-02 02:46:06.606913,2021-09-02 02:50:40.462910,0 days 00:04:33.855997,0.02789397684492319,0.07659119100508215,0.011034665851837825,0.03807446761014205,0.15009660695348076,COMPLETE
26,1.638,2021-09-02 02:50:40.463781,2021-09-02 02:55:14.501221,0 days 00:04:34.037440,0.007764407224661916,0.036769896590945844,0.0027157987822719024,0.3726622538875615,0.001243127267083866,COMPLETE
27,1.05,2021-09-02 02:55:14.502125,2021-09-02 02:59:48.352165,0 days 00:04:33.850040,0.008054604187647614,0.019431075565539378,0.003958657471814759,0.9465275876231724,0.0014942459734578037,COMPLETE
28,-0.312,2021-09-02 02:59:48.353028,2021-09-02 03:04:22.355218,0 days 00:04:34.002190,0.0003874369303136546,0.15276114354718823,0.0005862397204191854,0.3147919351165367,0.0001207593266016525,COMPLETE
29,2.156,2021-09-02 03:04:22.356085,2021-09-02 03:08:56.216163,0 days 00:04:33.860078,0.004945204376890195,0.002044344035805766,0.0010619688398329492,0.11396104978004475,0.001060750714307019,COMPLETE
30,1.9,2021-09-02 03:08:56.217054,2021-09-02 03:13:29.793351,0 days 00:04:33.576297,0.005470147896402657,0.003236163654766009,0.00023534565158458788,0.14221382877969216,0.0009728581607009808,COMPLETE
31,1.962,2021-09-02 03:13:29.794227,2021-09-02 03:18:03.746413,0 days 00:04:33.952186,0.004243862177948707,0.002292912723199515,0.00025547348743597335,0.14425996423328957,0.0006702092781962397,COMPLETE
32,1.888,2021-09-02 03:18:03.747302,2021-09-02 03:22:37.443135,0 days 00:04:33.695833,0.00467393602855452,0.002002439785928941,0.00019228029050408088,0.10618217686042827,0.000866075593038289,COMPLETE
33,1.538,2021-09-02 03:22:37.444038,2021-09-02 03:27:11.363282,0 days 00:04:33.919244,0.003926742631173978,0.0020193605992966626,0.00023707311014992325,0.13360633981121048,0.0004493038497647846,COMPLETE
34,0.828,2021-09-02 03:27:11.364180,2021-09-02 03:31:45.299181,0 days 00:04:33.935001,0.0008742820602205562,0.0030229808081630146,0.0001001902998724448,0.02130555244974109,0.001930848501358483,COMPLETE
35,1.116,2021-09-02 03:31:45.300085,2021-09-02 03:36:18.886390,0 days 00:04:33.586305,0.005267197606147593,0.0013614519265750793,0.0005012364965296723,0.0001924507544401823,0.00032496907019602796,COMPLETE
36,1.548,2021-09-02 03:36:18.887273,2021-09-02 03:40:52.686938,0 days 00:04:33.799665,0.003335300873228932,0.0047411141109737235,0.00019066639760346096,0.9578071554947544,0.002419151865240633,COMPLETE
37,2.438,2021-09-02 03:40:52.687826,2021-09-02 03:45:26.219276,0 days 00:04:33.531450,0.0011914897159564424,0.0004667892976646879,0.00043360974027007663,0.1324839692701514,0.0008428742814359439,COMPLETE
38,0.744,2021-09-02 03:45:26.220143,2021-09-02 03:50:00.790515,0 days 00:04:34.570372,0.0009263714446723777,0.0003681059818993744,0.0006264709002416967,0.21304366954103385,0.00568419747129592,COMPLETE
39,1.442,2021-09-02 03:50:00.791389,2021-09-02 03:54:34.504875,0 days 00:04:33.713486,0.0016303633164535746,0.0001849077278934694,0.00036405398289015515,0.006702944425649301,0.00012790062156884462,COMPLETE
40,1.226,2021-09-02 03:54:34.505770,2021-09-02 03:59:07.991000,0 days 00:04:33.485230,0.00042719510697594753,0.000887646835058057,0.0007548899238562606,0.5793615375860572,0.0030008778634464947,COMPLETE
41,2.266,2021-09-02 03:59:07.991885,2021-09-02 04:03:41.978288,0 days 00:04:33.986403,0.002989203310984224,0.001648509299966943,0.00016158603162445148,0.10561131562763285,0.0006798974441666936,COMPLETE
42,2.136,2021-09-02 04:03:41.979171,2021-09-02 04:08:15.540328,0 days 00:04:33.561157,0.002717177099311725,0.0013372606923523081,0.0001394192301410559,0.11480623385979082,0.0005857656960428678,COMPLETE
43,0.694,2021-09-02 04:08:15.541205,2021-09-02 04:12:49.896706,0 days 00:04:34.355501,0.0001169773360022145,0.0004696401326998836,0.00012414005669585836,0.0172498021732334,0.0005755839980962849,COMPLETE
44,1.658,2021-09-02 04:12:49.897610,2021-09-02 04:17:23.987693,0 days 00:04:34.090083,0.0024601972942865365,0.0013233038828201523,0.0004091709618650823,0.03331133100716339,0.00023632381765659476,COMPLETE
45,2.29,2021-09-02 04:17:23.988576,2021-09-02 04:21:58.047629,0 days 00:04:34.059053,0.0014484540559828573,0.008452795517767474,0.00014701998312313143,0.09249448199921684,0.00041506009642915614,COMPLETE
46,1.354,2021-09-02 04:21:58.048541,2021-09-02 04:26:31.534526,0 days 00:04:33.485985,0.0015382859498264396,0.009003656989170479,0.0001528723465436514,0.08250006081219932,0.00020311704787971967,COMPLETE
47,2.168,2021-09-02 04:26:31.535405,2021-09-02 04:31:05.235934,0 days 00:04:33.700529,0.0006382227846797564,0.0005839226468910779,0.00010014444937059408,0.09368428107679835,0.0004838187572912929,COMPLETE
48,-0.622,2021-09-02 04:31:05.236848,2021-09-02 04:35:38.806083,0 days 00:04:33.569235,0.0005281447447111218,0.0002583692083483273,0.21456844563910157,0.212296776848809,0.00034230957250443704,COMPLETE
49,0.796,2021-09-02 04:35:38.806988,2021-09-02 04:40:12.163326,0 days 00:04:33.356338,0.00023310381061458863,0.0006229302733904884,0.0008649573879505694,0.3742685732483418,0.005834856342384979,COMPLETE
