number,value,datetime_start,datetime_complete,duration,params_alpha1,params_alpha2,params_alpha3,params_alpha4,params_alpha5,params_beta1,state
0,0.982,2021-09-02 15:31:45.192012,2021-09-02 15:34:20.330199,0 days 00:02:35.138187,0.6107686573608484,0.013949458198611207,0.008079896808319472,0.16042020845182484,0.7548764540205033,2.423106460124461,COMPLETE
1,1.473,2021-09-02 15:34:20.334789,2021-09-02 15:37:00.822584,0 days 00:02:40.487795,8.376388146302443,0.5486797781181635,0.08389336334792571,0.03702286920698841,0.023589137648150627,2.729049707384042,COMPLETE
2,0.991,2021-09-02 15:37:00.825583,2021-09-02 15:39:40.266906,0 days 00:02:39.441323,0.05679223741740079,0.0017326529663635624,0.03910002376153661,0.8953268791955239,0.005369908947196365,2.1754517561474924,COMPLETE
3,1.011,2021-09-02 15:39:40.272906,2021-09-02 15:42:19.049744,0 days 00:02:38.776838,0.1337228103857309,0.1340634367310212,0.3448290408913143,2.4987751386014665,0.7903533518289985,2.6110235106775828,COMPLETE
4,0.99,2021-09-02 15:42:19.053738,2021-09-02 15:44:57.558379,0 days 00:02:38.504641,0.775842435828376,0.019581035528392247,0.027999780223990085,0.008185645330667263,0.014957402671706673,2.630976123854488,COMPLETE
5,0.992,2021-09-02 15:44:57.564377,2021-09-02 15:47:39.292779,0 days 00:02:41.728402,0.002335714515891042,0.054300607792195005,0.052899437412125536,0.09434967110751795,0.05050346330980693,2.3122612229724653,COMPLETE
6,0.204,2021-09-02 15:47:39.297778,2021-09-02 15:50:16.165443,0 days 00:02:36.867665,0.05074639876783337,3.7459040809262816,5.979158591419449,0.10170603027497473,0.3131928271719603,2.115618395079296,COMPLETE
7,0.955,2021-09-02 15:50:16.168441,2021-09-02 15:52:54.635908,0 days 00:02:38.467467,0.01858411684138564,0.04563571379820827,2.919017048795458,0.010042028777169459,0.0855336602144033,2.985559785610705,COMPLETE
8,1.076,2021-09-02 15:52:54.639913,2021-09-02 15:55:33.546593,0 days 00:02:38.906680,0.1196576521260231,0.282864276537653,0.003037488651075691,2.020055036708134,0.25836906504723767,2.545068006466465,COMPLETE
9,0.752,2021-09-02 15:55:33.549596,2021-09-02 15:58:12.052453,0 days 00:02:38.502857,0.023499322154972465,0.01646202117975735,0.04656813487239959,0.5311327280336986,3.175611508579145,2.510422337478011,COMPLETE
10,1.708,2021-09-02 15:58:12.054453,2021-09-02 16:00:54.083988,0 days 00:02:42.029535,8.658029726346383,2.1689605271604475,0.7844839854625021,0.0010770715974238653,0.0015343927718428072,2.8810561175451834,COMPLETE
11,1.581,2021-09-02 16:00:54.086986,2021-09-02 16:03:36.782676,0 days 00:02:42.695690,7.4800025588870405,2.2388901252719826,0.3989366982317095,0.001163971411587345,0.002628214860282598,2.8916855079208355,COMPLETE
12,1.705,2021-09-02 16:03:36.788649,2021-09-02 16:06:15.555342,0 days 00:02:38.766693,9.059727318898641,8.53574166423879,0.6181087527894654,0.0014001131409846397,0.0011515986850842758,2.9708613265867734,COMPLETE
13,1.628,2021-09-02 16:06:15.558343,2021-09-02 16:08:54.339541,0 days 00:02:38.781198,2.120320959029439,9.818787285272371,1.0747114264930837,0.0010003557339498038,0.0012674994350282383,2.8228020805817056,COMPLETE
14,1.476,2021-09-02 16:08:54.344067,2021-09-02 16:11:34.097159,0 days 00:02:39.753092,2.202299752773886,1.0107229983651518,0.4123290089815478,0.0030826150892326147,0.0069529304858582585,2.9469769867876927,COMPLETE
15,1.38,2021-09-02 16:11:34.100263,2021-09-02 16:14:10.472186,0 days 00:02:36.371923,2.5631393979328085,8.091976947221978,1.5744912283271904,0.0077990422689734615,0.0011197876549499176,2.7326867767763443,COMPLETE
16,1.1,2021-09-02 16:14:10.478188,2021-09-02 16:16:48.044947,0 days 00:02:37.566759,0.482056310818586,2.4153601187297684,0.18766191983670408,8.06363136019365,0.004828833957997647,2.8020803576887316,COMPLETE
17,-0.108,2021-09-02 16:16:48.047950,2021-09-02 16:19:25.619553,0 days 00:02:37.571603,0.0019239331946867134,0.8071031263549479,6.123197994753382,0.002848182731209203,0.014518413301570755,2.0061700377213185,COMPLETE
18,1.718,2021-09-02 16:19:25.623551,2021-09-02 16:22:05.553843,0 days 00:02:39.930292,4.134803019857166,3.5652868796367216,1.0670934536409034,0.024355208671752674,0.0024112672469984407,2.859839737738753,COMPLETE
19,0.346,2021-09-02 16:22:05.557844,2021-09-02 16:24:44.716099,0 days 00:02:39.158255,3.2248378684812464,0.27919448181000034,2.1134436895260778,0.025787774974816942,5.573172439454108,2.6982621321028764,COMPLETE
20,0.935,2021-09-02 16:24:44.719088,2021-09-02 16:27:23.791987,0 days 00:02:39.072899,0.2991676703762532,1.4898235639150024,0.15724161507934972,0.025789280328502962,0.0031191219952078253,2.8726551980172883,COMPLETE
21,1.718,2021-09-02 16:27:23.795988,2021-09-02 16:30:40.195969,0 days 00:03:16.399981,7.3718852394212036,4.252335801417661,0.8568303688714579,0.002618436354495026,0.001017401179650332,2.984099910586044,COMPLETE
22,1.74,2021-09-02 16:30:40.202974,2021-09-02 16:33:33.643194,0 days 00:02:53.440220,3.9124945750109186,4.019062560114778,0.8736109243209165,0.0033881771168909527,0.002343593034647122,2.8602949057455027,COMPLETE
23,0.055,2021-09-02 16:33:33.647194,2021-09-02 16:36:11.604602,0 days 00:02:37.957408,0.9633016443907579,4.233337879987255,3.270182213667014,0.005131061836765087,0.012045208523438114,2.7612833071917913,COMPLETE
24,-0.526,2021-09-02 16:36:11.609483,2021-09-02 16:38:50.811697,0 days 00:02:39.202214,4.245074071020667,0.44990176459993547,8.686262610843594,0.013342707627865404,0.003221180393630475,2.909962072837581,COMPLETE
25,1.482,2021-09-02 16:38:50.813697,2021-09-02 16:41:32.697865,0 days 00:02:41.884168,4.245172867039634,4.635229785622719,0.18428558318724042,0.004338079858317929,0.046416634789315576,2.9964491866412803,COMPLETE
26,0.998,2021-09-02 16:41:32.700865,2021-09-02 16:44:09.913243,0 days 00:02:37.212378,1.3787372143998389,0.0021724994973728665,1.2780563477951599,0.05496351772144213,0.0021983699735906186,2.839773693440902,COMPLETE
27,1.168,2021-09-02 16:44:09.915954,2021-09-02 16:46:37.862000,0 days 00:02:27.946046,0.2472981041125094,0.9462712556459337,0.0011070646930355214,0.0023521753894132284,0.007936234781127307,2.4060201213010606,COMPLETE
28,1.165,2021-09-02 16:46:37.863000,2021-09-02 16:47:47.426165,0 days 00:01:09.563165,1.3569720069387305,5.243846102024793,0.01722606459785461,0.016984502316091495,0.02883667372241054,2.648559944587231,COMPLETE
29,0.894,2021-09-02 16:47:47.427165,2021-09-02 16:48:59.516659,0 days 00:01:12.089494,0.4823126819111808,0.004143185516251094,3.310075517850398,0.41099887848567984,0.0039113094633241125,2.444400031810263,COMPLETE
30,1.022,2021-09-02 16:48:59.518660,2021-09-02 16:50:16.180978,0 days 00:01:16.662318,4.780069328654167,0.17061110982102617,0.7422375773262663,0.19277463127374225,0.0022983411105554252,2.7845475752477107,COMPLETE
31,1.719,2021-09-02 16:50:16.182978,2021-09-02 16:51:43.991194,0 days 00:01:27.808216,9.559326470717464,2.2161833605008834,0.7886328586452953,0.00206898096507455,0.0010109006799754227,2.918511481081617,COMPLETE
32,1.406,2021-09-02 16:51:43.992197,2021-09-02 16:53:12.203347,0 days 00:01:28.211150,4.998268426677011,1.71342177193013,0.250705975437422,0.002065892239634357,0.0010445791754823616,2.9337242518521216,COMPLETE
33,1.144,2021-09-02 16:53:12.205347,2021-09-02 16:54:33.668752,0 days 00:01:21.463405,1.5112064259514493,3.4094297050033244,1.615844904928176,0.005426047416848283,0.001965465266589078,2.839357940105916,COMPLETE
34,1.616,2021-09-02 16:54:33.670754,2021-09-02 16:55:50.294378,0 days 00:01:16.623624,9.5448199582371,0.6054010480246235,0.6391165985593577,0.004073075928124896,0.007505580299506372,2.6968959467344282,COMPLETE
35,1.142,2021-09-02 16:55:50.296376,2021-09-02 16:57:07.603718,0 days 00:01:17.307342,5.285163125389041,1.3201075862815763,0.0828660122616647,0.045831983356874474,0.004975097666773979,2.910561372128958,COMPLETE
36,1.425,2021-09-02 16:57:07.605719,2021-09-02 16:58:22.445626,0 days 00:01:14.839907,2.814133620624568,5.309415969594288,0.35705903037606185,0.0016406908685184353,0.001844547757428484,2.5891226174271527,COMPLETE
37,0.838,2021-09-02 16:58:22.446625,2021-09-02 16:59:37.719627,0 days 00:01:15.273002,0.007163487729111744,2.9720084853780064,0.09772529418972364,0.01869323561019117,0.01994576451198208,2.7649055088295436,COMPLETE
38,0.928,2021-09-02 16:59:37.722627,2021-09-02 17:00:53.386815,0 days 00:01:15.664188,0.7953396975346102,0.07018899825761865,2.43178960255155,0.007619314885762533,1.1826236684772617,2.3200006323369204,COMPLETE
39,-0.333,2021-09-02 17:00:53.388814,2021-09-02 17:02:11.922916,0 days 00:01:18.534102,6.766398962886021,0.43243428138439943,5.285806383400849,0.011042677188405138,0.008504417255283184,2.988521109691097,COMPLETE
40,1.531,2021-09-02 17:02:11.923917,2021-09-02 17:03:28.767545,0 days 00:01:16.843628,1.5394698974770444,6.053424142191495,0.018725180089493632,0.08704874417457582,0.1922759931840028,2.852236269922154,COMPLETE
41,1.678,2021-09-02 17:03:28.768546,2021-09-02 17:04:46.832089,0 days 00:01:18.063543,9.925103539499299,1.9051046651780181,0.8921828833259591,0.0018632338151276155,0.0016124310123216167,2.9246650746409673,COMPLETE
42,1.624,2021-09-02 17:04:46.836090,2021-09-02 17:06:04.241972,0 days 00:01:17.405882,3.4965166255372377,2.717665799929965,0.5346463597693095,0.0010026066974625969,0.0010262517893905618,2.884770756338333,COMPLETE
43,1.851,2021-09-02 17:06:04.243975,2021-09-02 17:07:21.966795,0 days 00:01:17.722820,6.331587684033577,1.4141723553087675,1.0027289828246753,0.0032530652742937963,0.0033635192868026356,2.6706576604297605,COMPLETE
44,1.855,2021-09-02 17:07:21.968796,2021-09-02 17:08:40.796923,0 days 00:01:18.828127,6.008376242535658,1.2981975410138664,1.0529130365230857,0.002983751839733296,0.0033912163683465814,2.650051328930309,COMPLETE
45,1.547,2021-09-02 17:08:40.798924,2021-09-02 17:10:01.512788,0 days 00:01:20.713864,6.234995175364217,0.6733724772480003,0.298663027717581,0.0034326927340408092,0.004493299502961945,2.6586326075688165,COMPLETE
46,1.49,2021-09-02 17:10:01.515790,2021-09-02 17:11:34.667313,0 days 00:01:33.151523,1.9552493314635555,1.2770672328136132,1.8431699905190861,0.005662821809176015,0.002995548468775338,2.5886203625316915,COMPLETE
47,1.035,2021-09-02 17:11:34.669314,2021-09-02 17:12:50.944191,0 days 00:01:16.274877,7.037148283297449,0.29141520380593144,0.5695244373269295,0.0023671129032272788,0.001635278875404792,2.5402373930889666,COMPLETE
48,1.084,2021-09-02 17:12:50.946192,2021-09-02 17:14:08.036094,0 days 00:01:17.089902,0.039417606735963694,6.6864230898467865,1.154701312610909,0.00681433141676597,0.030040826452769943,2.711661272721775,COMPLETE
49,0.775,2021-09-02 17:14:08.037091,2021-09-02 17:15:24.888839,0 days 00:01:16.851748,0.004103556955122648,0.024947595337322635,4.442629982539566,0.0015567752538357554,0.07942768568429441,2.4916468102594176,COMPLETE
